# JRE version: Java(TM) SE Runtime Environment (24.0.1+9) (build 24.0.1+9-30)
# Java VM: Java HotSpot(TM) 64-Bit Server VM (24.0.1+9-30, mixed mode, sharing, tiered, compressed oops, compressed class ptrs, g1 gc, windows-amd64)
GC Precious Log:
 CardTable entry size: 512
 Card Set container configuration: InlinePtr #cards 5 size 8 Array Of Cards #cards 10 size 36 Howl #buckets 4 coarsen threshold 1843 Howl Bitmap #cards 512 size 80 coarsen threshold 460 Card regions per heap region 1 cards per card region 2048
 CPUs: 4 total, 4 available
 Memory: 7098M
 Large Page Support: Disabled
 NUMA Support: Disabled
 Compressed Oops: Enabled (32-bit)
 Heap Region Size: 1M
 Heap Min Capacity: 8M
 Heap Initial Capacity: 112M
 Heap Max Capacity: 1776M
 Pre-touch: Disabled
 Parallel Workers: 4
 Concurrent Workers: 1
 Concurrent Refinement Workers: 4
 Periodic GC: Disabled
Heap:
 garbage-first heap   total reserved 1818624K, committed 116736K, used 27675K [0x0000000091000000, 0x0000000100000000)
  region size 1024K, 7 young (7168K), 3 survivors (3072K)
 Metaspace       used 19833K, committed 20160K, reserved 1114112K
  class space    used 1775K, committed 1920K, reserved 1048576K
GC Heap History (8 events):
Event: 2.031 GC heap before
{Heap before GC invocations=0 (full 0):
 garbage-first heap   total reserved 1818624K, committed 116736K, used 31860K [0x0000000091000000, 0x0000000100000000)
  region size 1024K, 28 young (28672K), 0 survivors (0K)
 Metaspace       used 9145K, committed 9344K, reserved 1114112K
  class space    used 864K, committed 960K, reserved 1048576K
}
Event: 2.040 GC heap after
{Heap after GC invocations=1 (full 0):
 garbage-first heap   total reserved 1818624K, committed 116736K, used 6260K [0x0000000091000000, 0x0000000100000000)
  region size 1024K, 3 young (3072K), 3 survivors (3072K)
 Metaspace       used 9145K, committed 9344K, reserved 1114112K
  class space    used 864K, committed 960K, reserved 1048576K
}
Event: 28.378 GC heap before
{Heap before GC invocations=1 (full 0):
 garbage-first heap   total reserved 1818624K, committed 116736K, used 94324K [0x0000000091000000, 0x0000000100000000)
  region size 1024K, 46 young (47104K), 3 survivors (3072K)
 Metaspace       used 19757K, committed 20096K, reserved 1114112K
  class space    used 1775K, committed 1920K, reserved 1048576K
}
Event: 28.391 GC heap after
{Heap after GC invocations=2 (full 0):
 garbage-first heap   total reserved 1818624K, committed 116736K, used 9332K [0x0000000091000000, 0x0000000100000000)
  region size 1024K, 6 young (6144K), 6 survivors (6144K)
 Metaspace       used 19757K, committed 20096K, reserved 1114112K
  class space    used 1775K, committed 1920K, reserved 1048576K
}
Event: 33.909 GC heap before
{Heap before GC invocations=2 (full 0):
 garbage-first heap   total reserved 1818624K, committed 116736K, used 58484K [0x0000000091000000, 0x0000000100000000)
  region size 1024K, 10 young (10240K), 6 survivors (6144K)
 Metaspace       used 19785K, committed 20096K, reserved 1114112K
  class space    used 1775K, committed 1920K, reserved 1048576K
}
Event: 33.920 GC heap after
{Heap after GC invocations=3 (full 0):
 garbage-first heap   total reserved 1818624K, committed 116736K, used 14363K [0x0000000091000000, 0x0000000100000000)
  region size 1024K, 3 young (3072K), 3 survivors (3072K)
 Metaspace       used 19785K, committed 20096K, reserved 1114112K
  class space    used 1775K, committed 1920K, reserved 1048576K
}
Event: 39.950 GC heap before
{Heap before GC invocations=3 (full 0):
 garbage-first heap   total reserved 1818624K, committed 116736K, used 52251K [0x0000000091000000, 0x0000000100000000)
  region size 1024K, 6 young (6144K), 3 survivors (3072K)
 Metaspace       used 19792K, committed 20096K, reserved 1114112K
  class space    used 1775K, committed 1920K, reserved 1048576K
}
Event: 39.956 GC heap after
{Heap after GC invocations=4 (full 0):
 garbage-first heap   total reserved 1818624K, committed 116736K, used 14363K [0x0000000091000000, 0x0000000100000000)
  region size 1024K, 3 young (3072K), 3 survivors (3072K)
 Metaspace       used 19792K, committed 20096K, reserved 1114112K
  class space    used 1775K, committed 1920K, reserved 1048576K
}

